7.5039 	WARNING 	We strongly recommend you activate the PTB sound engine in PsychoPy prefs as the preferred audio engine. Its timing is vastly superior. Your prefs are currently set to use ['sounddevice', 'PTB', 'pyo', 'pygame'] (in that order).
27.2712 	WARNING 	User requested fullscreen with size [1024  768], but screen is actually [1920, 1080]. Using actual size
28.7670 	EXP 	Created window1 = Window(allowGUI=True, allowStencil=False, autoLog=True, backendConf=UNKNOWN, bitsMode=UNKNOWN, blendMode='avg', bpc=(8, 8, 8), color=array([0, 0, 0]), colorSpace='rgb', depthBits=8, fullscr=<method-wrapper '__getattribute__' of attributeSetter object at 0x000002F64CBABEE0>, gamma=None, gammaErrorPolicy='raise', lms=UNKNOWN, monitor=<psychopy.monitors.calibTools.Monitor object at 0x000002F64F5B0D30>, multiSample=False, name='window1', numSamples=2, pos=(0, 0), screen=0, size=array([1920, 1080]), stencilBits=0, stereo=False, units='height', useFBO=True, useRetina=False, viewOri=0.0, viewPos=None, viewScale=None, waitBlanking=True, winType='pyglet')
28.7671 	EXP 	window1: mouseVisible = True
28.7672 	EXP 	window1: mouseVisible = False
28.7672 	EXP 	window1: Attempting to measure frame rate of screen (0) ...
28.7673 	EXP 	window1: recordFrameIntervals = False
28.9339 	EXP 	window1: recordFrameIntervals = True
29.1177 	EXP 	Screen (0) actual frame rate measured at 59.96Hz
29.1177 	EXP 	window1: recordFrameIntervals = False
31.7166 	EXP 	Created fixation = ShapeStim(__class__=<class 'psychopy.visual.shape.ShapeStim'>, anchor=('center', 'center'), autoDraw=False, autoLog=True, closeShape=True, color=method-wrapper(...), colorSpace='rgb', contrast=None, depth=0.0, fillColor=array([1, 1, 1]), fillColorSpace='rgb', fillRGB=array([1, 1, 1]), interpolate=True, lineColor=array([1, 1, 1]), lineColorSpace='rgb', lineRGB=array([1, 1, 1]), lineWidth=1.0, name='fixation', opacity=1.0, ori=0.0, pos=array([0., 0.]), size=array([10., 10.]), units='pix', vertices=ndarray(...), win=Window(...), windingRule=None)
31.7234 	EXP 	Created grating = GratingStim(__class__=<class 'psychopy.visual.grating.GratingStim'>, anchor='center', autoDraw=False, autoLog=True, blendmode='avg', color=array([0.3, 0.3, 0.3]), colorSpace='rgb', contrast=0.3, depth=-1.0, interpolate=True, mask='gauss', maskParams=None, name='grating', opacity=1.0, ori=1.0, phase=array([0., 0.]), pos=array([0., 0.]), rgbPedestal=array([0., 0., 0.]), sf=array([5., 5.]), size=array([0.2, 0.2]), tex='sin', texRes=128.0, units='height', win=Window(...))
31.7246 	EXP 	Created sequence: random, trialTypes=1, nReps=100, seed=None
31.7250 	EXP 	New trial (rep=0, index=0): None
31.7353 	EXP 	grating: ori = 1.0
31.7353 	EXP 	fixation: autoDraw = True
32.7333 	EXP 	grating: autoDraw = True
32.7333 	EXP 	grating: tex = 'sin'
32.7497 	EXP 	fixation: autoDraw = False
33.0332 	EXP 	grating: autoDraw = False
33.3184 	EXP 	New trial (rep=1, index=0): None
33.3195 	DATA 	Keypress: up
33.3328 	EXP 	fixation: autoDraw = False
33.3328 	EXP 	grating: autoDraw = False
33.3328 	EXP 	grating: ori = 0.0
33.3328 	EXP 	fixation: autoDraw = True
34.3326 	EXP 	fixation: autoDraw = False
34.3326 	EXP 	grating: autoDraw = True
34.6328 	EXP 	grating: autoDraw = False
34.9857 	EXP 	New trial (rep=2, index=0): None
34.9867 	DATA 	Keypress: up
34.9999 	EXP 	fixation: autoDraw = False
34.9999 	EXP 	grating: autoDraw = False
34.9999 	EXP 	grating: ori = 0.0
34.9999 	EXP 	fixation: autoDraw = True
35.9994 	EXP 	fixation: autoDraw = False
35.9994 	EXP 	grating: autoDraw = True
36.2992 	EXP 	grating: autoDraw = False
36.7181 	EXP 	New trial (rep=3, index=0): None
36.7200 	DATA 	Keypress: up
36.7328 	EXP 	fixation: autoDraw = False
36.7328 	EXP 	grating: autoDraw = False
36.7328 	EXP 	grating: ori = 0.0
36.7328 	EXP 	fixation: autoDraw = True
37.7326 	EXP 	fixation: autoDraw = False
37.7326 	EXP 	grating: autoDraw = True
38.0327 	EXP 	grating: autoDraw = False
38.3183 	EXP 	New trial (rep=4, index=0): None
38.3194 	DATA 	Keypress: up
38.3328 	EXP 	fixation: autoDraw = False
38.3328 	EXP 	grating: autoDraw = False
38.3328 	EXP 	grating: ori = -2.0
38.3328 	EXP 	fixation: autoDraw = True
39.3327 	EXP 	fixation: autoDraw = False
39.3327 	EXP 	grating: autoDraw = True
39.6327 	EXP 	grating: autoDraw = False
40.1190 	EXP 	New trial (rep=5, index=0): None
40.1202 	DATA 	Keypress: down
40.1327 	EXP 	fixation: autoDraw = False
40.1327 	EXP 	grating: autoDraw = False
40.1327 	EXP 	grating: ori = 0.0
40.1327 	EXP 	fixation: autoDraw = True
41.1327 	EXP 	fixation: autoDraw = False
41.1327 	EXP 	grating: autoDraw = True
41.4327 	EXP 	grating: autoDraw = False
41.9514 	EXP 	New trial (rep=6, index=0): None
41.9524 	DATA 	Keypress: up
41.9667 	EXP 	fixation: autoDraw = False
41.9667 	EXP 	grating: autoDraw = False
41.9667 	EXP 	grating: ori = 0.0
41.9667 	EXP 	fixation: autoDraw = True
42.9660 	EXP 	fixation: autoDraw = False
42.9660 	EXP 	grating: autoDraw = True
43.2661 	EXP 	grating: autoDraw = False
43.7681 	EXP 	New trial (rep=7, index=0): None
43.7691 	DATA 	Keypress: up
43.7825 	EXP 	fixation: autoDraw = False
43.7825 	EXP 	grating: autoDraw = False
43.7825 	EXP 	grating: ori = 0.0
43.7825 	EXP 	fixation: autoDraw = True
44.7825 	EXP 	fixation: autoDraw = False
44.7825 	EXP 	grating: autoDraw = True
45.0827 	EXP 	grating: autoDraw = False
45.5852 	EXP 	New trial (rep=8, index=0): None
45.5863 	DATA 	Keypress: up
45.5991 	EXP 	fixation: autoDraw = False
45.5991 	EXP 	grating: autoDraw = False
45.5991 	EXP 	grating: ori = 0.0
45.5991 	EXP 	fixation: autoDraw = True
46.5991 	EXP 	fixation: autoDraw = False
46.5991 	EXP 	grating: autoDraw = True
46.8992 	EXP 	grating: autoDraw = False
47.1850 	EXP 	New trial (rep=9, index=0): None
47.1860 	DATA 	Keypress: up
47.1992 	EXP 	fixation: autoDraw = False
47.1992 	EXP 	grating: autoDraw = False
47.1992 	EXP 	grating: ori = 2.0
47.1992 	EXP 	fixation: autoDraw = True
48.1990 	EXP 	fixation: autoDraw = False
48.1990 	EXP 	grating: autoDraw = True
48.4992 	EXP 	grating: autoDraw = False
49.0848 	EXP 	New trial (rep=10, index=0): None
49.0858 	DATA 	Keypress: down
49.0992 	EXP 	fixation: autoDraw = False
49.0992 	EXP 	grating: autoDraw = False
49.0992 	EXP 	grating: ori = 0.0
49.0992 	EXP 	fixation: autoDraw = True
50.0991 	EXP 	fixation: autoDraw = False
50.0991 	EXP 	grating: autoDraw = True
50.3992 	EXP 	grating: autoDraw = False
51.1679 	EXP 	New trial (rep=11, index=0): None
51.1689 	DATA 	Keypress: down
51.1823 	EXP 	fixation: autoDraw = False
51.1823 	EXP 	grating: autoDraw = False
51.1823 	EXP 	grating: ori = 0.0
51.1823 	EXP 	fixation: autoDraw = True
52.1825 	EXP 	fixation: autoDraw = False
52.1825 	EXP 	grating: autoDraw = True
52.4823 	EXP 	grating: autoDraw = False
52.7846 	EXP 	New trial (rep=12, index=0): None
52.7857 	DATA 	Keypress: up
52.7992 	EXP 	fixation: autoDraw = False
52.7992 	EXP 	grating: autoDraw = False
52.7992 	EXP 	grating: ori = -5.0
52.7992 	EXP 	fixation: autoDraw = True
53.7989 	EXP 	fixation: autoDraw = False
53.7989 	EXP 	grating: autoDraw = True
54.0989 	EXP 	grating: autoDraw = False
54.4014 	EXP 	New trial (rep=13, index=0): None
54.4024 	DATA 	Keypress: down
54.4156 	EXP 	fixation: autoDraw = False
54.4156 	EXP 	grating: autoDraw = False
54.4156 	EXP 	grating: ori = 0.0
54.4156 	EXP 	fixation: autoDraw = True
55.4157 	EXP 	fixation: autoDraw = False
55.4157 	EXP 	grating: autoDraw = True
55.7158 	EXP 	grating: autoDraw = False
56.2843 	EXP 	New trial (rep=14, index=0): None
56.2853 	DATA 	Keypress: up
56.2991 	EXP 	fixation: autoDraw = False
56.2991 	EXP 	grating: autoDraw = False
56.2991 	EXP 	grating: ori = 3.0
56.2991 	EXP 	fixation: autoDraw = True
57.2992 	EXP 	fixation: autoDraw = False
57.2992 	EXP 	grating: autoDraw = True
57.5992 	EXP 	grating: autoDraw = False
58.0186 	EXP 	New trial (rep=15, index=0): None
58.0199 	DATA 	Keypress: down
58.0325 	EXP 	fixation: autoDraw = False
58.0325 	EXP 	grating: autoDraw = False
58.0325 	EXP 	grating: ori = -4.0
58.0325 	EXP 	fixation: autoDraw = True
59.0322 	EXP 	fixation: autoDraw = False
59.0322 	EXP 	grating: autoDraw = True
59.3323 	EXP 	grating: autoDraw = False
60.0179 	EXP 	New trial (rep=16, index=0): None
60.0189 	DATA 	Keypress: down
60.0323 	EXP 	fixation: autoDraw = False
60.0323 	EXP 	grating: autoDraw = False
60.0323 	EXP 	grating: ori = 0.0
60.0323 	EXP 	fixation: autoDraw = True
61.0323 	EXP 	fixation: autoDraw = False
61.0323 	EXP 	grating: autoDraw = True
61.3324 	EXP 	grating: autoDraw = False
61.8030 	EXP 	New trial (rep=17, index=0): None
61.8043 	DATA 	Keypress: up
61.8161 	EXP 	fixation: autoDraw = False
61.8161 	EXP 	grating: autoDraw = False
61.8161 	EXP 	grating: ori = 0.0
61.8161 	EXP 	fixation: autoDraw = True
62.8156 	EXP 	fixation: autoDraw = False
62.8156 	EXP 	grating: autoDraw = True
63.1154 	EXP 	grating: autoDraw = False
63.6678 	EXP 	New trial (rep=18, index=0): None
63.6689 	DATA 	Keypress: up
63.6820 	EXP 	fixation: autoDraw = False
63.6820 	EXP 	grating: autoDraw = False
63.6820 	EXP 	grating: ori = 0.0
63.6820 	EXP 	fixation: autoDraw = True
64.6821 	EXP 	fixation: autoDraw = False
64.6821 	EXP 	grating: autoDraw = True
64.9822 	EXP 	grating: autoDraw = False
65.4179 	EXP 	New trial (rep=19, index=0): None
65.4189 	DATA 	Keypress: up
65.4323 	EXP 	fixation: autoDraw = False
65.4323 	EXP 	grating: autoDraw = False
65.4323 	EXP 	grating: ori = 0.0
65.4323 	EXP 	fixation: autoDraw = True
66.4323 	EXP 	fixation: autoDraw = False
66.4323 	EXP 	grating: autoDraw = True
66.7320 	EXP 	grating: autoDraw = False
67.0513 	EXP 	New trial (rep=20, index=0): None
67.0524 	DATA 	Keypress: down
67.0655 	EXP 	fixation: autoDraw = False
67.0655 	EXP 	grating: autoDraw = False
67.0655 	EXP 	grating: ori = 0.0
67.0655 	EXP 	fixation: autoDraw = True
68.0655 	EXP 	fixation: autoDraw = False
68.0655 	EXP 	grating: autoDraw = True
68.3656 	EXP 	grating: autoDraw = False
68.9846 	EXP 	New trial (rep=21, index=0): None
68.9856 	DATA 	Keypress: down
68.9987 	EXP 	fixation: autoDraw = False
68.9987 	EXP 	grating: autoDraw = False
68.9987 	EXP 	grating: ori = 0.0
68.9987 	EXP 	fixation: autoDraw = True
69.9988 	EXP 	fixation: autoDraw = False
69.9988 	EXP 	grating: autoDraw = True
70.2988 	EXP 	grating: autoDraw = False
70.6512 	EXP 	New trial (rep=22, index=0): None
70.6522 	DATA 	Keypress: down
70.6655 	EXP 	fixation: autoDraw = False
70.6655 	EXP 	grating: autoDraw = False
70.6655 	EXP 	grating: ori = 0.0
70.6655 	EXP 	fixation: autoDraw = True
71.6655 	EXP 	fixation: autoDraw = False
71.6655 	EXP 	grating: autoDraw = True
71.9654 	EXP 	grating: autoDraw = False
72.3675 	EXP 	New trial (rep=23, index=0): None
72.3686 	DATA 	Keypress: down
72.3819 	EXP 	fixation: autoDraw = False
72.3819 	EXP 	grating: autoDraw = False
72.3819 	EXP 	grating: ori = 1.0
72.3819 	EXP 	fixation: autoDraw = True
73.3819 	EXP 	fixation: autoDraw = False
73.3819 	EXP 	grating: autoDraw = True
73.6821 	EXP 	grating: autoDraw = False
73.9349 	EXP 	New trial (rep=24, index=0): None
73.9359 	DATA 	Keypress: up
73.9491 	EXP 	fixation: autoDraw = False
73.9491 	EXP 	grating: autoDraw = False
73.9491 	EXP 	grating: ori = 4.0
73.9491 	EXP 	fixation: autoDraw = True
74.9485 	EXP 	fixation: autoDraw = False
74.9485 	EXP 	grating: autoDraw = True
75.2488 	EXP 	grating: autoDraw = False
75.8013 	EXP 	New trial (rep=25, index=0): None
75.8023 	DATA 	Keypress: down
75.8154 	EXP 	fixation: autoDraw = False
75.8154 	EXP 	grating: autoDraw = False
75.8154 	EXP 	grating: ori = 3.0
75.8154 	EXP 	fixation: autoDraw = True
76.8154 	EXP 	fixation: autoDraw = False
76.8154 	EXP 	grating: autoDraw = True
77.1155 	EXP 	grating: autoDraw = False
77.6673 	EXP 	New trial (rep=26, index=0): None
77.6684 	DATA 	Keypress: down
77.6820 	EXP 	fixation: autoDraw = False
77.6820 	EXP 	grating: autoDraw = False
77.6820 	EXP 	grating: ori = 0.0
77.6820 	EXP 	fixation: autoDraw = True
78.6818 	EXP 	fixation: autoDraw = False
78.6818 	EXP 	grating: autoDraw = True
78.9818 	EXP 	grating: autoDraw = False
79.4342 	EXP 	New trial (rep=27, index=0): None
79.4353 	DATA 	Keypress: down
79.4486 	EXP 	fixation: autoDraw = False
79.4486 	EXP 	grating: autoDraw = False
79.4486 	EXP 	grating: ori = -4.0
79.4486 	EXP 	fixation: autoDraw = True
80.4486 	EXP 	fixation: autoDraw = False
80.4486 	EXP 	grating: autoDraw = True
80.7487 	EXP 	grating: autoDraw = False
81.0674 	EXP 	New trial (rep=28, index=0): None
81.0684 	DATA 	Keypress: down
81.0819 	EXP 	fixation: autoDraw = False
81.0819 	EXP 	grating: autoDraw = False
81.0819 	EXP 	grating: ori = -4.0
81.0819 	EXP 	fixation: autoDraw = True
82.0819 	EXP 	fixation: autoDraw = False
82.0819 	EXP 	grating: autoDraw = True
82.3819 	EXP 	grating: autoDraw = False
82.7006 	EXP 	New trial (rep=29, index=0): None
82.7016 	DATA 	Keypress: down
82.7153 	EXP 	fixation: autoDraw = False
82.7153 	EXP 	grating: autoDraw = False
82.7153 	EXP 	grating: ori = -3.0
82.7153 	EXP 	fixation: autoDraw = True
83.7152 	EXP 	fixation: autoDraw = False
83.7152 	EXP 	grating: autoDraw = True
84.0150 	EXP 	grating: autoDraw = False
84.4010 	EXP 	New trial (rep=30, index=0): None
84.4021 	DATA 	Keypress: down
84.4151 	EXP 	fixation: autoDraw = False
84.4151 	EXP 	grating: autoDraw = False
84.4151 	EXP 	grating: ori = 2.0
84.4151 	EXP 	fixation: autoDraw = True
85.4150 	EXP 	fixation: autoDraw = False
85.4150 	EXP 	grating: autoDraw = True
85.7152 	EXP 	grating: autoDraw = False
86.2342 	EXP 	New trial (rep=31, index=0): None
86.2352 	DATA 	Keypress: up
86.2483 	EXP 	fixation: autoDraw = False
86.2483 	EXP 	grating: autoDraw = False
86.2483 	EXP 	grating: ori = -5.0
86.2483 	EXP 	fixation: autoDraw = True
87.2485 	EXP 	fixation: autoDraw = False
87.2485 	EXP 	grating: autoDraw = True
87.5483 	EXP 	grating: autoDraw = False
87.9339 	EXP 	New trial (rep=32, index=0): None
87.9350 	DATA 	Keypress: down
87.9484 	EXP 	fixation: autoDraw = False
87.9484 	EXP 	grating: autoDraw = False
87.9484 	EXP 	grating: ori = 0.0
87.9484 	EXP 	fixation: autoDraw = True
88.9484 	EXP 	fixation: autoDraw = False
88.9484 	EXP 	grating: autoDraw = True
89.2482 	EXP 	grating: autoDraw = False
89.7677 	EXP 	New trial (rep=33, index=0): None
89.7688 	DATA 	Keypress: up
89.7815 	EXP 	fixation: autoDraw = False
89.7815 	EXP 	grating: autoDraw = False
89.7815 	EXP 	grating: ori = -5.0
89.7815 	EXP 	fixation: autoDraw = True
90.7815 	EXP 	fixation: autoDraw = False
90.7815 	EXP 	grating: autoDraw = True
91.0817 	EXP 	grating: autoDraw = False
91.5005 	EXP 	New trial (rep=34, index=0): None
91.5015 	DATA 	Keypress: down
91.5151 	EXP 	fixation: autoDraw = False
91.5151 	EXP 	grating: autoDraw = False
91.5151 	EXP 	grating: ori = 0.0
91.5151 	EXP 	fixation: autoDraw = True
92.5150 	EXP 	fixation: autoDraw = False
92.5150 	EXP 	grating: autoDraw = True
92.8150 	EXP 	grating: autoDraw = False
93.3004 	EXP 	New trial (rep=35, index=0): None
93.3015 	DATA 	Keypress: up
93.3151 	EXP 	fixation: autoDraw = False
93.3151 	EXP 	grating: autoDraw = False
93.3151 	EXP 	grating: ori = 0.0
93.3151 	EXP 	fixation: autoDraw = True
94.3151 	EXP 	fixation: autoDraw = False
94.3151 	EXP 	grating: autoDraw = True
94.6150 	EXP 	grating: autoDraw = False
95.2337 	EXP 	New trial (rep=36, index=0): None
95.2348 	DATA 	Keypress: up
95.2484 	EXP 	fixation: autoDraw = False
95.2484 	EXP 	grating: autoDraw = False
95.2484 	EXP 	grating: ori = -2.0
95.2484 	EXP 	fixation: autoDraw = True
96.2482 	EXP 	fixation: autoDraw = False
96.2482 	EXP 	grating: autoDraw = True
96.5484 	EXP 	grating: autoDraw = False
97.0506 	EXP 	New trial (rep=37, index=0): None
97.0517 	DATA 	Keypress: down
97.0650 	EXP 	fixation: autoDraw = False
97.0650 	EXP 	grating: autoDraw = False
97.0650 	EXP 	grating: ori = 0.0
97.0650 	EXP 	fixation: autoDraw = True
98.0648 	EXP 	fixation: autoDraw = False
98.0648 	EXP 	grating: autoDraw = True
98.3647 	EXP 	grating: autoDraw = False
98.9839 	EXP 	New trial (rep=38, index=0): None
98.9849 	DATA 	Keypress: down
98.9980 	EXP 	fixation: autoDraw = False
98.9980 	EXP 	grating: autoDraw = False
98.9980 	EXP 	grating: ori = 0.0
98.9980 	EXP 	fixation: autoDraw = True
99.9982 	EXP 	fixation: autoDraw = False
99.9982 	EXP 	grating: autoDraw = True
100.2980 	EXP 	grating: autoDraw = False
100.7670 	EXP 	New trial (rep=39, index=0): None
100.7680 	DATA 	Keypress: up
100.7814 	EXP 	fixation: autoDraw = False
100.7814 	EXP 	grating: autoDraw = False
100.7814 	EXP 	grating: ori = 0.0
100.7814 	EXP 	fixation: autoDraw = True
101.7816 	EXP 	fixation: autoDraw = False
101.7816 	EXP 	grating: autoDraw = True
102.0816 	EXP 	grating: autoDraw = False
102.5839 	EXP 	New trial (rep=40, index=0): None
102.5849 	DATA 	Keypress: up
102.5982 	EXP 	fixation: autoDraw = False
102.5982 	EXP 	grating: autoDraw = False
102.5982 	EXP 	grating: ori = 0.0
102.5982 	EXP 	fixation: autoDraw = True
103.5980 	EXP 	fixation: autoDraw = False
103.5980 	EXP 	grating: autoDraw = True
103.8981 	EXP 	grating: autoDraw = False
104.3671 	EXP 	New trial (rep=41, index=0): None
104.3681 	DATA 	Keypress: up
104.3815 	EXP 	fixation: autoDraw = False
104.3815 	EXP 	grating: autoDraw = False
104.3815 	EXP 	grating: ori = 0.0
104.3815 	EXP 	fixation: autoDraw = True
105.3816 	EXP 	fixation: autoDraw = False
105.3816 	EXP 	grating: autoDraw = True
105.6813 	EXP 	grating: autoDraw = False
105.9505 	EXP 	New trial (rep=42, index=0): None
105.9515 	DATA 	Keypress: up
105.9647 	EXP 	fixation: autoDraw = False
105.9647 	EXP 	grating: autoDraw = False
105.9647 	EXP 	grating: ori = -3.0
105.9647 	EXP 	fixation: autoDraw = True
106.9649 	EXP 	fixation: autoDraw = False
106.9649 	EXP 	grating: autoDraw = True
107.2651 	EXP 	grating: autoDraw = False
108.1335 	EXP 	New trial (rep=43, index=0): None
108.1345 	DATA 	Keypress: down
108.1480 	EXP 	fixation: autoDraw = False
108.1480 	EXP 	grating: autoDraw = False
108.1480 	EXP 	grating: ori = -5.0
108.1480 	EXP 	fixation: autoDraw = True
109.1481 	EXP 	fixation: autoDraw = False
109.1481 	EXP 	grating: autoDraw = True
109.4480 	EXP 	grating: autoDraw = False
116.9002 	EXP 	New trial (rep=44, index=0): None
116.9013 	DATA 	Keypress: down
116.9144 	EXP 	fixation: autoDraw = False
116.9144 	EXP 	grating: autoDraw = False
116.9144 	EXP 	grating: ori = 0.0
116.9144 	EXP 	fixation: autoDraw = True
117.9144 	EXP 	fixation: autoDraw = False
117.9144 	EXP 	grating: autoDraw = True
118.2143 	EXP 	grating: autoDraw = False
118.8001 	EXP 	New trial (rep=45, index=0): None
118.8011 	DATA 	Keypress: up
118.8144 	EXP 	fixation: autoDraw = False
118.8144 	EXP 	grating: autoDraw = False
118.8144 	EXP 	grating: ori = -2.0
118.8144 	EXP 	fixation: autoDraw = True
119.8146 	EXP 	fixation: autoDraw = False
119.8146 	EXP 	grating: autoDraw = True
120.1144 	EXP 	grating: autoDraw = False
121.0333 	EXP 	New trial (rep=46, index=0): None
121.0344 	DATA 	Keypress: down
121.0479 	EXP 	fixation: autoDraw = False
121.0479 	EXP 	grating: autoDraw = False
121.0479 	EXP 	grating: ori = -4.0
121.0479 	EXP 	fixation: autoDraw = True
122.0479 	EXP 	fixation: autoDraw = False
122.0479 	EXP 	grating: autoDraw = True
122.3476 	EXP 	grating: autoDraw = False
122.8834 	EXP 	New trial (rep=47, index=0): None
122.8844 	DATA 	Keypress: down
122.8978 	EXP 	fixation: autoDraw = False
122.8978 	EXP 	grating: autoDraw = False
122.8978 	EXP 	grating: ori = 0.0
122.8978 	EXP 	fixation: autoDraw = True
123.8976 	EXP 	fixation: autoDraw = False
123.8976 	EXP 	grating: autoDraw = True
124.1976 	EXP 	grating: autoDraw = False
124.6668 	EXP 	New trial (rep=48, index=0): None
124.6678 	DATA 	Keypress: up
124.6811 	EXP 	fixation: autoDraw = False
124.6811 	EXP 	grating: autoDraw = False
124.6811 	EXP 	grating: ori = -5.0
124.6811 	EXP 	fixation: autoDraw = True
125.6811 	EXP 	fixation: autoDraw = False
125.6811 	EXP 	grating: autoDraw = True
125.9811 	EXP 	grating: autoDraw = False
126.6333 	EXP 	New trial (rep=49, index=0): None
126.6343 	DATA 	Keypress: down
126.6476 	EXP 	fixation: autoDraw = False
126.6476 	EXP 	grating: autoDraw = False
126.6476 	EXP 	grating: ori = 0.0
126.6476 	EXP 	fixation: autoDraw = True
127.6478 	EXP 	fixation: autoDraw = False
127.6478 	EXP 	grating: autoDraw = True
127.9477 	EXP 	grating: autoDraw = False
128.4338 	EXP 	New trial (rep=50, index=0): None
128.4349 	DATA 	Keypress: up
128.4482 	EXP 	fixation: autoDraw = False
128.4482 	EXP 	grating: autoDraw = False
128.4482 	EXP 	grating: ori = 1.0
128.4482 	EXP 	fixation: autoDraw = True
129.4474 	EXP 	fixation: autoDraw = False
129.4474 	EXP 	grating: autoDraw = True
129.7476 	EXP 	grating: autoDraw = False
130.1360 	EXP 	New trial (rep=51, index=0): None
130.1377 	DATA 	Keypress: up
130.1479 	EXP 	fixation: autoDraw = False
130.1479 	EXP 	grating: autoDraw = False
130.1479 	EXP 	grating: ori = -2.0
130.1479 	EXP 	fixation: autoDraw = True
131.1354 	EXP 	grating: autoDraw = True
131.1508 	EXP 	fixation: autoDraw = False
131.4481 	EXP 	grating: autoDraw = False
132.0166 	EXP 	New trial (rep=52, index=0): None
132.0176 	DATA 	Keypress: down
132.0310 	EXP 	fixation: autoDraw = False
132.0310 	EXP 	grating: autoDraw = False
132.0310 	EXP 	grating: ori = 4.0
132.0310 	EXP 	fixation: autoDraw = True
133.0310 	EXP 	fixation: autoDraw = False
133.0310 	EXP 	grating: autoDraw = True
133.3313 	EXP 	grating: autoDraw = False
134.3507 	EXP 	New trial (rep=53, index=0): None
134.3521 	DATA 	Keypress: down
134.3641 	EXP 	fixation: autoDraw = False
134.3641 	EXP 	grating: autoDraw = False
134.3641 	EXP 	grating: ori = -4.0
134.3641 	EXP 	fixation: autoDraw = True
135.3643 	EXP 	fixation: autoDraw = False
135.3643 	EXP 	grating: autoDraw = True
135.6640 	EXP 	grating: autoDraw = False
136.2833 	EXP 	New trial (rep=54, index=0): None
136.2843 	DATA 	Keypress: down
136.2977 	EXP 	fixation: autoDraw = False
136.2977 	EXP 	grating: autoDraw = False
136.2977 	EXP 	grating: ori = -2.0
136.2977 	EXP 	fixation: autoDraw = True
137.2975 	EXP 	fixation: autoDraw = False
137.2975 	EXP 	grating: autoDraw = True
137.5975 	EXP 	grating: autoDraw = False
138.0501 	EXP 	New trial (rep=55, index=0): None
138.0511 	DATA 	Keypress: up
138.0639 	EXP 	fixation: autoDraw = False
138.0639 	EXP 	grating: autoDraw = False
138.0639 	EXP 	grating: ori = 0.0
138.0639 	EXP 	fixation: autoDraw = True
139.0643 	EXP 	fixation: autoDraw = False
139.0643 	EXP 	grating: autoDraw = True
139.3643 	EXP 	grating: autoDraw = False
139.8010 	EXP 	New trial (rep=56, index=0): None
139.8026 	DATA 	Keypress: up
139.8141 	EXP 	fixation: autoDraw = False
139.8141 	EXP 	grating: autoDraw = False
139.8141 	EXP 	grating: ori = 1.0
139.8141 	EXP 	fixation: autoDraw = True
140.8139 	EXP 	fixation: autoDraw = False
140.8139 	EXP 	grating: autoDraw = True
141.1142 	EXP 	grating: autoDraw = False
141.6999 	EXP 	New trial (rep=57, index=0): None
141.7010 	DATA 	Keypress: down
141.7142 	EXP 	fixation: autoDraw = False
141.7142 	EXP 	grating: autoDraw = False
141.7142 	EXP 	grating: ori = 0.0
141.7142 	EXP 	fixation: autoDraw = True
142.7141 	EXP 	fixation: autoDraw = False
142.7141 	EXP 	grating: autoDraw = True
143.0139 	EXP 	grating: autoDraw = False
143.8999 	EXP 	New trial (rep=58, index=0): None
143.9010 	DATA 	Keypress: up
143.9139 	EXP 	fixation: autoDraw = False
143.9139 	EXP 	grating: autoDraw = False
143.9139 	EXP 	grating: ori = 0.0
143.9139 	EXP 	fixation: autoDraw = True
144.9142 	EXP 	fixation: autoDraw = False
144.9142 	EXP 	grating: autoDraw = True
145.2142 	EXP 	grating: autoDraw = False
145.6497 	EXP 	New trial (rep=59, index=0): None
145.6508 	DATA 	Keypress: up
145.6639 	EXP 	fixation: autoDraw = False
145.6639 	EXP 	grating: autoDraw = False
145.6639 	EXP 	grating: ori = 3.0
145.6639 	EXP 	fixation: autoDraw = True
146.6644 	EXP 	fixation: autoDraw = False
146.6644 	EXP 	grating: autoDraw = True
146.9642 	EXP 	grating: autoDraw = False
147.4504 	EXP 	New trial (rep=60, index=0): None
147.4517 	DATA 	Keypress: down
147.4642 	EXP 	fixation: autoDraw = False
147.4642 	EXP 	grating: autoDraw = False
147.4642 	EXP 	grating: ori = 4.0
147.4642 	EXP 	fixation: autoDraw = True
148.4640 	EXP 	fixation: autoDraw = False
148.4640 	EXP 	grating: autoDraw = True
148.7638 	EXP 	grating: autoDraw = False
149.2002 	EXP 	New trial (rep=61, index=0): None
149.2015 	DATA 	Keypress: down
149.2139 	EXP 	fixation: autoDraw = False
149.2139 	EXP 	grating: autoDraw = False
149.2139 	EXP 	grating: ori = 0.0
149.2139 	EXP 	fixation: autoDraw = True
150.2145 	EXP 	fixation: autoDraw = False
150.2145 	EXP 	grating: autoDraw = True
150.5138 	EXP 	grating: autoDraw = False
151.0162 	EXP 	New trial (rep=62, index=0): None
151.0172 	DATA 	Keypress: up
151.0306 	EXP 	fixation: autoDraw = False
151.0306 	EXP 	grating: autoDraw = False
151.0306 	EXP 	grating: ori = -4.0
151.0306 	EXP 	fixation: autoDraw = True
152.0307 	EXP 	fixation: autoDraw = False
152.0307 	EXP 	grating: autoDraw = True
152.3305 	EXP 	grating: autoDraw = False
152.8829 	EXP 	New trial (rep=63, index=0): None
152.8839 	DATA 	Keypress: down
152.8970 	EXP 	fixation: autoDraw = False
152.8970 	EXP 	grating: autoDraw = False
152.8970 	EXP 	grating: ori = 0.0
152.8970 	EXP 	fixation: autoDraw = True
153.8971 	EXP 	fixation: autoDraw = False
153.8971 	EXP 	grating: autoDraw = True
154.1972 	EXP 	grating: autoDraw = False
154.5330 	EXP 	New trial (rep=64, index=0): None
154.5341 	DATA 	Keypress: up
154.5473 	EXP 	fixation: autoDraw = False
154.5473 	EXP 	grating: autoDraw = False
154.5473 	EXP 	grating: ori = 0.0
154.5473 	EXP 	fixation: autoDraw = True
155.5470 	EXP 	fixation: autoDraw = False
155.5470 	EXP 	grating: autoDraw = True
155.8472 	EXP 	grating: autoDraw = False
156.1499 	EXP 	New trial (rep=65, index=0): None
156.1509 	DATA 	Keypress: up
156.1639 	EXP 	fixation: autoDraw = False
156.1639 	EXP 	grating: autoDraw = False
156.1639 	EXP 	grating: ori = 0.0
156.1639 	EXP 	fixation: autoDraw = True
157.1638 	EXP 	fixation: autoDraw = False
157.1638 	EXP 	grating: autoDraw = True
157.4637 	EXP 	grating: autoDraw = False
157.7659 	EXP 	New trial (rep=66, index=0): None
157.7670 	DATA 	Keypress: up
157.7805 	EXP 	fixation: autoDraw = False
157.7805 	EXP 	grating: autoDraw = False
157.7805 	EXP 	grating: ori = 0.0
157.7805 	EXP 	fixation: autoDraw = True
158.7808 	EXP 	fixation: autoDraw = False
158.7808 	EXP 	grating: autoDraw = True
159.0805 	EXP 	grating: autoDraw = False
159.5325 	EXP 	New trial (rep=67, index=0): None
159.5335 	DATA 	Keypress: up
159.5470 	EXP 	fixation: autoDraw = False
159.5470 	EXP 	grating: autoDraw = False
159.5470 	EXP 	grating: ori = 3.0
159.5470 	EXP 	fixation: autoDraw = True
160.5469 	EXP 	fixation: autoDraw = False
160.5469 	EXP 	grating: autoDraw = True
160.8470 	EXP 	grating: autoDraw = False
161.2993 	EXP 	New trial (rep=68, index=0): None
161.3004 	DATA 	Keypress: down
161.3135 	EXP 	fixation: autoDraw = False
161.3135 	EXP 	grating: autoDraw = False
161.3135 	EXP 	grating: ori = 0.0
161.3135 	EXP 	fixation: autoDraw = True
162.3136 	EXP 	fixation: autoDraw = False
162.3136 	EXP 	grating: autoDraw = True
162.6136 	EXP 	grating: autoDraw = False
163.0660 	EXP 	New trial (rep=69, index=0): None
163.0670 	DATA 	Keypress: up
163.0804 	EXP 	fixation: autoDraw = False
163.0804 	EXP 	grating: autoDraw = False
163.0804 	EXP 	grating: ori = -5.0
163.0804 	EXP 	fixation: autoDraw = True
164.0802 	EXP 	fixation: autoDraw = False
164.0802 	EXP 	grating: autoDraw = True
164.3804 	EXP 	grating: autoDraw = False
164.8824 	EXP 	New trial (rep=70, index=0): None
164.8835 	DATA 	Keypress: down
164.8970 	EXP 	fixation: autoDraw = False
164.8970 	EXP 	grating: autoDraw = False
164.8970 	EXP 	grating: ori = -2.0
164.8970 	EXP 	fixation: autoDraw = True
165.8971 	EXP 	fixation: autoDraw = False
165.8971 	EXP 	grating: autoDraw = True
166.1968 	EXP 	grating: autoDraw = False
166.4004 	EXP 	New trial (rep=71, index=0): None
166.4016 	DATA 	Keypress: up
166.4138 	EXP 	fixation: autoDraw = False
166.4138 	EXP 	grating: autoDraw = False
166.4138 	EXP 	grating: ori = 3.0
166.4138 	EXP 	fixation: autoDraw = True
167.4138 	EXP 	fixation: autoDraw = False
167.4138 	EXP 	grating: autoDraw = True
167.7138 	EXP 	grating: autoDraw = False
168.2325 	EXP 	New trial (rep=72, index=0): None
168.2336 	DATA 	Keypress: down
168.2470 	EXP 	fixation: autoDraw = False
168.2470 	EXP 	grating: autoDraw = False
168.2470 	EXP 	grating: ori = 0.0
168.2470 	EXP 	fixation: autoDraw = True
169.2470 	EXP 	fixation: autoDraw = False
169.2470 	EXP 	grating: autoDraw = True
169.5470 	EXP 	grating: autoDraw = False
170.1157 	EXP 	New trial (rep=73, index=0): None
170.1167 	DATA 	Keypress: up
170.1303 	EXP 	fixation: autoDraw = False
170.1303 	EXP 	grating: autoDraw = False
170.1303 	EXP 	grating: ori = 0.0
170.1303 	EXP 	fixation: autoDraw = True
171.1303 	EXP 	fixation: autoDraw = False
171.1303 	EXP 	grating: autoDraw = True
171.4300 	EXP 	grating: autoDraw = False
171.8159 	EXP 	New trial (rep=74, index=0): None
171.8170 	DATA 	Keypress: up
171.8301 	EXP 	fixation: autoDraw = False
171.8301 	EXP 	grating: autoDraw = False
171.8301 	EXP 	grating: ori = 0.0
171.8301 	EXP 	fixation: autoDraw = True
172.8302 	EXP 	fixation: autoDraw = False
172.8302 	EXP 	grating: autoDraw = True
173.1301 	EXP 	grating: autoDraw = False
173.5324 	EXP 	New trial (rep=75, index=0): None
173.5334 	DATA 	Keypress: up
173.5466 	EXP 	fixation: autoDraw = False
173.5466 	EXP 	grating: autoDraw = False
173.5466 	EXP 	grating: ori = 0.0
173.5466 	EXP 	fixation: autoDraw = True
174.5468 	EXP 	fixation: autoDraw = False
174.5468 	EXP 	grating: autoDraw = True
174.8468 	EXP 	grating: autoDraw = False
175.1824 	EXP 	New trial (rep=76, index=0): None
175.1836 	DATA 	Keypress: down
175.1969 	EXP 	fixation: autoDraw = False
175.1969 	EXP 	grating: autoDraw = False
175.1969 	EXP 	grating: ori = 0.0
175.1969 	EXP 	fixation: autoDraw = True
176.1969 	EXP 	fixation: autoDraw = False
176.1969 	EXP 	grating: autoDraw = True
176.4969 	EXP 	grating: autoDraw = False
176.6825 	EXP 	New trial (rep=77, index=0): None
176.6835 	DATA 	Keypress: up
176.6969 	EXP 	fixation: autoDraw = False
176.6969 	EXP 	grating: autoDraw = False
176.6969 	EXP 	grating: ori = 0.0
176.6969 	EXP 	fixation: autoDraw = True
177.6966 	EXP 	fixation: autoDraw = False
177.6966 	EXP 	grating: autoDraw = True
177.9965 	EXP 	grating: autoDraw = False
178.2655 	EXP 	New trial (rep=78, index=0): None
178.2666 	DATA 	Keypress: up
178.2801 	EXP 	fixation: autoDraw = False
178.2801 	EXP 	grating: autoDraw = False
178.2801 	EXP 	grating: ori = 0.0
178.2801 	EXP 	fixation: autoDraw = True
179.2802 	EXP 	fixation: autoDraw = False
179.2802 	EXP 	grating: autoDraw = True
179.5801 	EXP 	grating: autoDraw = False
179.7489 	EXP 	New trial (rep=79, index=0): None
179.7499 	DATA 	Keypress: up
179.7632 	EXP 	fixation: autoDraw = False
179.7632 	EXP 	grating: autoDraw = False
179.7632 	EXP 	grating: ori = 3.0
179.7632 	EXP 	fixation: autoDraw = True
180.7634 	EXP 	fixation: autoDraw = False
180.7634 	EXP 	grating: autoDraw = True
181.0634 	EXP 	grating: autoDraw = False
181.6822 	EXP 	New trial (rep=80, index=0): None
181.6834 	DATA 	Keypress: down
181.6968 	EXP 	fixation: autoDraw = False
181.6968 	EXP 	grating: autoDraw = False
181.6968 	EXP 	grating: ori = -5.0
181.6968 	EXP 	fixation: autoDraw = True
182.6966 	EXP 	fixation: autoDraw = False
182.6966 	EXP 	grating: autoDraw = True
182.9967 	EXP 	grating: autoDraw = False
183.6323 	EXP 	New trial (rep=81, index=0): None
183.6333 	DATA 	Keypress: down
183.6467 	EXP 	fixation: autoDraw = False
183.6467 	EXP 	grating: autoDraw = False
183.6467 	EXP 	grating: ori = 2.0
183.6467 	EXP 	fixation: autoDraw = True
184.6464 	EXP 	fixation: autoDraw = False
184.6464 	EXP 	grating: autoDraw = True
184.9464 	EXP 	grating: autoDraw = False
185.4986 	EXP 	New trial (rep=82, index=0): None
185.4997 	DATA 	Keypress: down
185.5135 	EXP 	fixation: autoDraw = False
185.5135 	EXP 	grating: autoDraw = False
185.5135 	EXP 	grating: ori = 0.0
185.5135 	EXP 	fixation: autoDraw = True
186.5131 	EXP 	fixation: autoDraw = False
186.5131 	EXP 	grating: autoDraw = True
186.8133 	EXP 	grating: autoDraw = False
187.7321 	EXP 	New trial (rep=83, index=0): None
187.7331 	DATA 	Keypress: up
187.7464 	EXP 	fixation: autoDraw = False
187.7464 	EXP 	grating: autoDraw = False
187.7464 	EXP 	grating: ori = 0.0
187.7464 	EXP 	fixation: autoDraw = True
188.7464 	EXP 	fixation: autoDraw = False
188.7464 	EXP 	grating: autoDraw = True
189.0464 	EXP 	grating: autoDraw = False
189.6486 	EXP 	New trial (rep=84, index=0): None
189.6497 	DATA 	Keypress: up
189.6632 	EXP 	fixation: autoDraw = False
189.6632 	EXP 	grating: autoDraw = False
189.6632 	EXP 	grating: ori = 0.0
189.6632 	EXP 	fixation: autoDraw = True
190.6633 	EXP 	fixation: autoDraw = False
190.6633 	EXP 	grating: autoDraw = True
190.9631 	EXP 	grating: autoDraw = False
191.8331 	EXP 	New trial (rep=85, index=0): None
191.8344 	DATA 	Keypress: up
191.8466 	EXP 	fixation: autoDraw = False
191.8466 	EXP 	grating: autoDraw = False
191.8466 	EXP 	grating: ori = 2.0
191.8466 	EXP 	fixation: autoDraw = True
192.8465 	EXP 	fixation: autoDraw = False
192.8465 	EXP 	grating: autoDraw = True
193.1465 	EXP 	grating: autoDraw = False
193.8692 	EXP 	New trial (rep=86, index=0): None
193.8710 	DATA 	Keypress: down
193.8799 	EXP 	fixation: autoDraw = False
193.8799 	EXP 	grating: autoDraw = False
193.8799 	EXP 	grating: ori = 0.0
193.8799 	EXP 	fixation: autoDraw = True
194.8798 	EXP 	fixation: autoDraw = False
194.8798 	EXP 	grating: autoDraw = True
195.1796 	EXP 	grating: autoDraw = False
195.6986 	EXP 	New trial (rep=87, index=0): None
195.6997 	DATA 	Keypress: up
195.7129 	EXP 	fixation: autoDraw = False
195.7129 	EXP 	grating: autoDraw = False
195.7129 	EXP 	grating: ori = 0.0
195.7129 	EXP 	fixation: autoDraw = True
196.7131 	EXP 	fixation: autoDraw = False
196.7131 	EXP 	grating: autoDraw = True
197.0132 	EXP 	grating: autoDraw = False
197.5318 	EXP 	New trial (rep=88, index=0): None
197.5329 	DATA 	Keypress: up
197.5464 	EXP 	fixation: autoDraw = False
197.5464 	EXP 	grating: autoDraw = False
197.5464 	EXP 	grating: ori = 2.0
197.5464 	EXP 	fixation: autoDraw = True
198.5462 	EXP 	fixation: autoDraw = False
198.5462 	EXP 	grating: autoDraw = True
198.8464 	EXP 	grating: autoDraw = False
199.4484 	EXP 	New trial (rep=89, index=0): None
199.4495 	DATA 	Keypress: down
199.4630 	EXP 	fixation: autoDraw = False
199.4630 	EXP 	grating: autoDraw = False
199.4630 	EXP 	grating: ori = 0.0
199.4630 	EXP 	fixation: autoDraw = True
200.4631 	EXP 	fixation: autoDraw = False
200.4631 	EXP 	grating: autoDraw = True
200.7630 	EXP 	grating: autoDraw = False
201.1491 	EXP 	New trial (rep=90, index=0): None
201.1501 	DATA 	Keypress: up
201.1628 	EXP 	fixation: autoDraw = False
201.1628 	EXP 	grating: autoDraw = False
201.1628 	EXP 	grating: ori = -2.0
201.1628 	EXP 	fixation: autoDraw = True
202.1629 	EXP 	fixation: autoDraw = False
202.1629 	EXP 	grating: autoDraw = True
202.4631 	EXP 	grating: autoDraw = False
203.3486 	EXP 	New trial (rep=91, index=0): None
203.3497 	DATA 	Keypress: down
203.3630 	EXP 	fixation: autoDraw = False
203.3630 	EXP 	grating: autoDraw = False
203.3630 	EXP 	grating: ori = 0.0
203.3630 	EXP 	fixation: autoDraw = True
204.3629 	EXP 	fixation: autoDraw = False
204.3629 	EXP 	grating: autoDraw = True
204.6630 	EXP 	grating: autoDraw = False
205.0985 	EXP 	New trial (rep=92, index=0): None
205.0996 	DATA 	Keypress: up
205.1129 	EXP 	fixation: autoDraw = False
205.1129 	EXP 	grating: autoDraw = False
205.1129 	EXP 	grating: ori = -2.0
205.1129 	EXP 	fixation: autoDraw = True
206.1127 	EXP 	fixation: autoDraw = False
206.1127 	EXP 	grating: autoDraw = True
206.4130 	EXP 	grating: autoDraw = False
207.0149 	EXP 	New trial (rep=93, index=0): None
207.0160 	DATA 	Keypress: up
207.0295 	EXP 	fixation: autoDraw = False
207.0295 	EXP 	grating: autoDraw = False
207.0295 	EXP 	grating: ori = 0.0
207.0295 	EXP 	fixation: autoDraw = True
208.0293 	EXP 	fixation: autoDraw = False
208.0293 	EXP 	grating: autoDraw = True
208.3293 	EXP 	grating: autoDraw = False
208.4152 	EXP 	New trial (rep=94, index=0): None
208.4162 	DATA 	Keypress: up
208.4295 	EXP 	fixation: autoDraw = False
208.4295 	EXP 	grating: autoDraw = False
208.4295 	EXP 	grating: ori = 1.0
208.4295 	EXP 	fixation: autoDraw = True
209.4296 	EXP 	fixation: autoDraw = False
209.4296 	EXP 	grating: autoDraw = True
209.7293 	EXP 	grating: autoDraw = False
210.2819 	EXP 	New trial (rep=95, index=0): None
210.2829 	DATA 	Keypress: up
210.2962 	EXP 	fixation: autoDraw = False
210.2962 	EXP 	grating: autoDraw = False
210.2962 	EXP 	grating: ori = 1.0
210.2962 	EXP 	fixation: autoDraw = True
211.2962 	EXP 	fixation: autoDraw = False
211.2962 	EXP 	grating: autoDraw = True
211.5962 	EXP 	grating: autoDraw = False
212.3982 	EXP 	New trial (rep=96, index=0): None
212.3992 	DATA 	Keypress: down
212.4128 	EXP 	fixation: autoDraw = False
212.4128 	EXP 	grating: autoDraw = False
212.4128 	EXP 	grating: ori = 0.0
212.4128 	EXP 	fixation: autoDraw = True
213.4128 	EXP 	fixation: autoDraw = False
213.4128 	EXP 	grating: autoDraw = True
213.7127 	EXP 	grating: autoDraw = False
214.6317 	EXP 	New trial (rep=97, index=0): None
214.6327 	DATA 	Keypress: down
214.6460 	EXP 	fixation: autoDraw = False
214.6460 	EXP 	grating: autoDraw = False
214.6460 	EXP 	grating: ori = 0.0
214.6460 	EXP 	fixation: autoDraw = True
215.6461 	EXP 	fixation: autoDraw = False
215.6461 	EXP 	grating: autoDraw = True
215.9458 	EXP 	grating: autoDraw = False
216.2485 	EXP 	New trial (rep=98, index=0): None
216.2497 	DATA 	Keypress: down
216.2631 	EXP 	fixation: autoDraw = False
216.2631 	EXP 	grating: autoDraw = False
216.2631 	EXP 	grating: ori = 2.0
216.2631 	EXP 	fixation: autoDraw = True
217.2628 	EXP 	fixation: autoDraw = False
217.2628 	EXP 	grating: autoDraw = True
217.5627 	EXP 	grating: autoDraw = False
218.2148 	EXP 	New trial (rep=99, index=0): None
218.2159 	DATA 	Keypress: up
218.2294 	EXP 	fixation: autoDraw = False
218.2294 	EXP 	grating: autoDraw = False
218.2294 	EXP 	grating: ori = 0.0
218.2294 	EXP 	fixation: autoDraw = True
219.2291 	EXP 	fixation: autoDraw = False
219.2291 	EXP 	grating: autoDraw = True
219.5293 	EXP 	grating: autoDraw = False
219.9482 	DATA 	Keypress: down
219.9627 	EXP 	fixation: autoDraw = False
219.9627 	EXP 	grating: autoDraw = False
220.0699 	EXP 	window1: mouseVisible = True
